<component name="libraryTable">
  <library name="junit:junit:4.0" type="repository">
    <properties maven-id="junit:junit:4.0" />
    <CLASSES />
    <JAVADOC />
    <SOURCES />
  </library>
</component>